This is pdfTeX, Version 3.14159265-2.6-1.40.20 (TeX Live 2019/Debian) (preloaded format=commonPreamble 2023.6.1)  9 OCT 2023 09:02
entering extended mode
 restricted \write18 enabled.
 %&-line parsing enabled.
**\newcommand{\modPrefix}{/shared/jlandersen/shared/bin/..}\newcommand{\modFigu
reInput}{out/169_dg_1_11100_f_0_0_filt.tex}\input{\modPrefix/share/mod/figureTe
mplate.tex}

(/shared/jlandersen/shared/bin/../share/mod/figureTemplate.tex
(/usr/share/texmf/tex/latex/preview/preview.sty
Package: preview 2017/04/24 11.91 (AUCTeX/preview-latex)

(/usr/share/texlive/texmf-dist/tex/generic/luatex85/luatex85.sty
Package: luatex85 2016/06/15 v1.4 pdftex aliases for luatex
)
(/usr/share/texmf/tex/latex/preview/prtightpage.def
\PreviewBorder=\dimen306
)
\pr@snippet=\count338
\pr@box=\box89
\pr@output=\toks41
)
No file out/169_dg_1_11100_f_0_0_filt.aux.
\openout1 = `out/169_dg_1_11100_f_0_0_filt.aux'.

LaTeX Font Info:    Checking defaults for OML/cmm/m/it on input line 13.
LaTeX Font Info:    ... okay on input line 13.
LaTeX Font Info:    Checking defaults for OMS/cmsy/m/n on input line 13.
LaTeX Font Info:    ... okay on input line 13.
LaTeX Font Info:    Checking defaults for OT1/cmr/m/n on input line 13.
LaTeX Font Info:    ... okay on input line 13.
LaTeX Font Info:    Checking defaults for T1/cmr/m/n on input line 13.
LaTeX Font Info:    ... okay on input line 13.
LaTeX Font Info:    Checking defaults for TS1/cmr/m/n on input line 13.
LaTeX Font Info:    ... okay on input line 13.
LaTeX Font Info:    Checking defaults for OMX/cmex/m/n on input line 13.
LaTeX Font Info:    ... okay on input line 13.
LaTeX Font Info:    Checking defaults for U/cmr/m/n on input line 13.
LaTeX Font Info:    ... okay on input line 13.
LaTeX Font Info:    Checking defaults for PD1/pdf/m/n on input line 13.
LaTeX Font Info:    ... okay on input line 13.
(/usr/share/texlive/texmf-dist/tex/context/base/mkii/supp-pdf.mkii
[Loading MPS to PDF converter (version 2006.09.02).]
\scratchcounter=\count339
\scratchdimen=\dimen307
\scratchbox=\box90
\nofMPsegments=\count340
\nofMParguments=\count341
\everyMPshowfont=\toks42
\MPscratchCnt=\count342
\MPscratchDim=\dimen308
\MPnumerator=\count343
\makeMPintoPDFobject=\count344
\everyMPtoPDFconversion=\toks43
) (/usr/share/texlive/texmf-dist/tex/latex/epstopdf-pkg/epstopdf-base.sty
Package: epstopdf-base 2020-01-24 v2.11 Base part for package epstopdf

(/usr/share/texlive/texmf-dist/tex/latex/grfext/grfext.sty
Package: grfext 2019/12/03 v1.3 Manage graphics extensions (HO)
)
Package epstopdf-base Info: Redefining graphics rule for `.eps' on input line 4
85.
Package grfext Info: Graphics extension search list:
(grfext)             [.pdf,.png,.jpg,.mps,.jpeg,.jbig2,.jb2,.PDF,.PNG,.JPG,.JPE
G,.JBIG2,.JB2,.eps]
(grfext)             \AppendGraphicsExtensions on input line 504.

(/usr/share/texlive/texmf-dist/tex/latex/latexconfig/epstopdf-sys.cfg
File: epstopdf-sys.cfg 2010/07/13 v1.3 Configuration of (r)epstopdf for TeX Liv
e
))
\AtBeginShipoutBox=\box91
Package hyperref Info: Link coloring OFF on input line 13.

(/usr/share/texlive/texmf-dist/tex/latex/hyperref/nameref.sty
Package: nameref 2019/09/16 v2.46 Cross-referencing by name of section

(/usr/share/texlive/texmf-dist/tex/latex/refcount/refcount.sty
Package: refcount 2019/12/15 v3.6 Data extraction from label references (HO)
)
(/usr/share/texlive/texmf-dist/tex/generic/gettitlestring/gettitlestring.sty
Package: gettitlestring 2019/12/15 v1.6 Cleanup title references (HO)
)
\c@section@level=\count345
)
LaTeX Info: Redefining \ref on input line 13.
LaTeX Info: Redefining \pageref on input line 13.
LaTeX Info: Redefining \nameref on input line 13.
\@outlinefile=\write5
\openout5 = `out/169_dg_1_11100_f_0_0_filt.out'.


(/usr/share/texlive/texmf-dist/tex/latex/translator/translator-basic-dictionary
-English.dict
Dictionary: translator-basic-dictionary, Language: English 
)
(/usr/share/texlive/texmf-dist/tex/latex/siunitx/siunitx-abbreviations.cfg
File: siunitx-abbreviations.cfg 2017/11/26 v2.7k siunitx: Abbreviated units
)
Package caption Info: Begin \AtBeginDocument code.
Package caption Info: End \AtBeginDocument code.

ABD: EveryShipout initializing macros

Package pgfplots Warning: running in backwards compatibility mode (unsuitable t
ick labels; missing features). Consider writing \pgfplotsset{compat=1.16} into 
your preamble.
 on input line 13.

Preview: Fontsize 12pt
Preview: PDFoutput 1
LaTeX Font Info:    Trying to load font information for U+msa on input line 13.

(/usr/share/texlive/texmf-dist/tex/latex/amsfonts/umsa.fd
File: umsa.fd 2013/01/14 v3.01 AMS symbols A
)
LaTeX Font Info:    Trying to load font information for U+msb on input line 13.


(/usr/share/texlive/texmf-dist/tex/latex/amsfonts/umsb.fd
File: umsb.fd 2013/01/14 v3.01 AMS symbols B
)
(./out/169_dg_1_11100_f_0_0_filt.tex (./out/163_dg_1_11100_f_0_0_filt_coord.tex
)
<./out/164_g_1_11311100.pdf, id=32, 118.12732pt x 102.82817pt>
File: ./out/164_g_1_11311100.pdf Graphic file (type pdf)
<use ./out/164_g_1_11311100.pdf>
Package pdftex.def Info: ./out/164_g_1_11311100.pdf  used on input line 4.
(pdftex.def)             Requested size: 88.59526pt x 77.12093pt.
<./out/165_g_52_11311100.pdf, id=33, 109.73296pt x 107.21556pt>
File: ./out/165_g_52_11311100.pdf Graphic file (type pdf)
<use ./out/165_g_52_11311100.pdf>
Package pdftex.def Info: ./out/165_g_52_11311100.pdf  used on input line 6.
(pdftex.def)             Requested size: 82.2995pt x 80.41145pt.
<./out/166_g_88_11311100.pdf, id=34, 105.62762pt x 77.82877pt>
File: ./out/166_g_88_11311100.pdf Graphic file (type pdf)
<use ./out/166_g_88_11311100.pdf>
Package pdftex.def Info: ./out/166_g_88_11311100.pdf  used on input line 8.
(pdftex.def)             Requested size: 79.2205pt x 58.37141pt.
<./out/167_g_108_11311100.pdf, id=35, 66.90295pt x 60.75298pt>
File: ./out/167_g_108_11311100.pdf Graphic file (type pdf)
<use ./out/167_g_108_11311100.pdf>
Package pdftex.def Info: ./out/167_g_108_11311100.pdf  used on input line 10.
(pdftex.def)             Requested size: 50.17708pt x 45.5646pt.
<./out/168_g_0_11311100.pdf, id=36, 7.75397pt x 9.5286pt>
File: ./out/168_g_0_11311100.pdf Graphic file (type pdf)
<use ./out/168_g_0_11311100.pdf>
Package pdftex.def Info: ./out/168_g_0_11311100.pdf  used on input line 12.
(pdftex.def)             Requested size: 5.81544pt x 7.14641pt.
)
Preview: Tightpage -32891 -32891 32891 32891
[1{/var/lib/texmf/fonts/map/pdftex/updmap/pdftex.map} <./out/164_g_1_11311100.p
df> <./out/165_g_52_11311100.pdf> <./out/166_g_88_11311100.pdf> <./out/167_g_10
8_11311100.pdf> <./out/168_g_0_11311100.pdf>]
Package atveryend Info: Empty hook `BeforeClearDocument' on input line 17.
Package atveryend Info: Empty hook `AfterLastShipout' on input line 17.

(./out/169_dg_1_11100_f_0_0_filt.aux)
Package atveryend Info: Executing hook `AtVeryEndDocument' on input line 17.
Package atveryend Info: Executing hook `AtEndAfterFileList' on input line 17.


Package rerunfilecheck Warning: File `out/169_dg_1_11100_f_0_0_filt.out' has ch
anged.
(rerunfilecheck)                Rerun to get outlines right
(rerunfilecheck)                or use package `bookmark'.

Package rerunfilecheck Info: Checksums for `out/169_dg_1_11100_f_0_0_filt.out':

(rerunfilecheck)             Before: <no file>
(rerunfilecheck)             After:  D41D8CD98F00B204E9800998ECF8427E;0.

LaTeX Warning: Label(s) may have changed. Rerun to get cross-references right.

Package atveryend Info: Empty hook `AtVeryVeryEnd' on input line 17.
 ) 
Here is how much of TeX's memory you used:
 1410 strings out of 448323
 25130 string characters out of 5099001
 1194018 words of memory out of 5000000
 48956 multiletter control sequences out of 15000+600000
 538395 words of font info for 48 fonts, out of 8000000 for 9000
 1141 hyphenation exceptions out of 8191
 42i,9n,72p,409b,788s stack positions out of 5000i,500n,10000p,200000b,80000s
</usr/share/texlive/texmf-dist/fonts/type1/public/amsfonts/cm/cmbx12.pfb></us
r/share/texlive/texmf-dist/fonts/type1/public/amsfonts/cm/cmmi12.pfb></usr/shar
e/texlive/texmf-dist/fonts/type1/public/amsfonts/cm/cmmi8.pfb></usr/share/texli
ve/texmf-dist/fonts/type1/public/amsfonts/cm/cmr12.pfb></usr/share/texlive/texm
f-dist/fonts/type1/public/amsfonts/cm/cmr8.pfb>
Output written on out/169_dg_1_11100_f_0_0_filt.pdf (1 page, 44408 bytes).
PDF statistics:
 76 PDF objects out of 1000 (max. 8388607)
 37 compressed objects within 1 object stream
 0 named destinations out of 1000 (max. 500000)
 134 words of extra memory for PDF output out of 10000 (max. 10000000)

