\BOOKMARK [1][-]{section.0.1}{Loaded Graphs}{}% 1
\BOOKMARK [2][-]{subsection.0.1.1}{Formaldehyde}{section.0.1}% 2
\BOOKMARK [2][-]{subsection.0.1.2}{Glycolaldehyde}{section.0.1}% 3
\BOOKMARK [2][-]{subsection.0.1.3}{random1}{section.0.1}% 4
\BOOKMARK [2][-]{subsection.0.1.4}{random2}{section.0.1}% 5
\BOOKMARK [2][-]{subsection.0.1.5}{random3}{section.0.1}% 6
\BOOKMARK [2][-]{subsection.0.1.6}{random4}{section.0.1}% 7
\BOOKMARK [2][-]{subsection.0.1.7}{random5}{section.0.1}% 8
\BOOKMARK [2][-]{subsection.0.1.8}{random6}{section.0.1}% 9
\BOOKMARK [2][-]{subsection.0.1.9}{random7}{section.0.1}% 10
\BOOKMARK [2][-]{subsection.0.1.10}{random8}{section.0.1}% 11
\BOOKMARK [2][-]{subsection.0.1.11}{g\137\17310\175}{section.0.1}% 12
\BOOKMARK [2][-]{subsection.0.1.12}{g\137\17311\175}{section.0.1}% 13
\BOOKMARK [2][-]{subsection.0.1.13}{g\137\17312\175}{section.0.1}% 14
\BOOKMARK [2][-]{subsection.0.1.14}{g\137\17313\175}{section.0.1}% 15
\BOOKMARK [1][-]{section.0.2}{Loaded Rules}{}% 16
\BOOKMARK [2][-]{subsection.0.2.1}{Keto-enol isomerization ->}{section.0.2}% 17
\BOOKMARK [2][-]{subsection.0.2.2}{Keto-enol isomerization <-}{section.0.2}% 18
\BOOKMARK [2][-]{subsection.0.2.3}{Aldol Addition ->}{section.0.2}% 19
\BOOKMARK [2][-]{subsection.0.2.4}{Aldol Addition <-}{section.0.2}% 20
\BOOKMARK [2][-]{subsection.0.2.5}{DG Hyper, dg\1370}{section.0.2}% 21
\BOOKMARK [1][-]{section.0.3}{Product Graphs}{}% 22
\BOOKMARK [1][-]{section.0.4}{Trying C\(C\(C\(CO\)O\)O\)=O}{}% 23
\BOOKMARK [1][-]{section.0.5}{Flow Solutions, id 0}{}% 24
\BOOKMARK [2][-]{subsection.0.5.1}{Solution 0}{section.0.5}% 25
\BOOKMARK [1][-]{section.0.6}{Trying C\(O\)=C\(C\(CO\)O\)O}{}% 26
\BOOKMARK [1][-]{section.0.7}{Flow Solutions, id 1}{}% 27
\BOOKMARK [2][-]{subsection.0.7.1}{Solution 0}{section.0.7}% 28
\BOOKMARK [1][-]{section.0.8}{Trying C\(CO\)\(C\(CO\)O\)=O}{}% 29
\BOOKMARK [1][-]{section.0.9}{Flow Solutions, id 2}{}% 30
\BOOKMARK [2][-]{subsection.0.9.1}{Solution 0}{section.0.9}% 31
\BOOKMARK [2][-]{subsection.0.9.2}{Solution 1}{section.0.9}% 32
\BOOKMARK [2][-]{subsection.0.9.3}{Solution 2}{section.0.9}% 33
\BOOKMARK [1][-]{section.0.10}{Trying C\(CO\)\(O\)=C\(CO\)O}{}% 34
\BOOKMARK [1][-]{section.0.11}{Flow Solutions, id 3}{}% 35
\BOOKMARK [2][-]{subsection.0.11.1}{Solution 0}{section.0.11}% 36
\BOOKMARK [2][-]{subsection.0.11.2}{Solution 1}{section.0.11}% 37
\BOOKMARK [2][-]{subsection.0.11.3}{Solution 2}{section.0.11}% 38
\BOOKMARK [2][-]{subsection.0.11.4}{Solution 3}{section.0.11}% 39
\BOOKMARK [1][-]{section.0.12}{Flow Solutions, id 4}{}% 40
\BOOKMARK [2][-]{subsection.0.12.1}{Solution 0}{section.0.12}% 41
\BOOKMARK [1][-]{section.0.13}{Flow Solutions, id 5}{}% 42
\BOOKMARK [2][-]{subsection.0.13.1}{Solution 0}{section.0.13}% 43
\BOOKMARK [1][-]{section.0.14}{Flow Solutions, id 6}{}% 44
\BOOKMARK [2][-]{subsection.0.14.1}{Solution 0}{section.0.14}% 45
\BOOKMARK [1][-]{section.0.15}{Flow Solutions, id 7}{}% 46
\BOOKMARK [2][-]{subsection.0.15.1}{Solution 0}{section.0.15}% 47
